2020-11-03 22:38:53,374 INFO: Microblog startup [in D:\Repo\Study - Flask Microblog\microblog\app\__init__.py:45]
2020-11-03 22:47:43,552 INFO: Microblog startup [in D:\Repo\Study - Flask Microblog\microblog\app\__init__.py:45]
2020-11-03 23:01:11,051 INFO: Microblog startup [in D:\Repo\Study - Flask Microblog\microblog\app\__init__.py:45]
2020-11-03 23:01:22,808 ERROR: Exception on /reset_password_request [GET] [in d:\repo\study - flask microblog\microblog\venv\lib\site-packages\flask\app.py:1891]
Traceback (most recent call last):
  File "d:\repo\study - flask microblog\microblog\venv\lib\site-packages\flask\app.py", line 2447, in wsgi_app
    response = self.full_dispatch_request()
  File "d:\repo\study - flask microblog\microblog\venv\lib\site-packages\flask\app.py", line 1952, in full_dispatch_request
    rv = self.handle_user_exception(e)
  File "d:\repo\study - flask microblog\microblog\venv\lib\site-packages\flask\app.py", line 1821, in handle_user_exception
    reraise(exc_type, exc_value, tb)
  File "d:\repo\study - flask microblog\microblog\venv\lib\site-packages\flask\_compat.py", line 39, in reraise
    raise value
  File "d:\repo\study - flask microblog\microblog\venv\lib\site-packages\flask\app.py", line 1950, in full_dispatch_request
    rv = self.dispatch_request()
  File "d:\repo\study - flask microblog\microblog\venv\lib\site-packages\flask\app.py", line 1936, in dispatch_request
    return self.view_functions[rule.endpoint](**req.view_args)
  File "D:\Repo\Study - Flask Microblog\microblog\app\routes.py", line 106, in reset_password_request
    return render_template('reset_password_request.html',
  File "d:\repo\study - flask microblog\microblog\venv\lib\site-packages\flask\templating.py", line 137, in render_template
    return _render(
  File "d:\repo\study - flask microblog\microblog\venv\lib\site-packages\flask\templating.py", line 120, in _render
    rv = template.render(context)
  File "d:\repo\study - flask microblog\microblog\venv\lib\site-packages\jinja2\environment.py", line 1090, in render
    self.environment.handle_exception()
  File "d:\repo\study - flask microblog\microblog\venv\lib\site-packages\jinja2\environment.py", line 832, in handle_exception
    reraise(*rewrite_traceback_stack(source=source))
  File "d:\repo\study - flask microblog\microblog\venv\lib\site-packages\jinja2\_compat.py", line 28, in reraise
    raise value.with_traceback(tb)
  File "D:\Repo\Study - Flask Microblog\microblog\app\templates\reset_password_request.html", line 1, in top-level template code
    {% extends "base.html" %}
  File "D:\Repo\Study - Flask Microblog\microblog\app\templates\base.html", line 31, in top-level template code
    {% block content %}{% endblock %}
  File "D:\Repo\Study - Flask Microblog\microblog\app\templates\reset_password_request.html", line 8, in block "content"
    {{ form.password.label }}<br>
  File "d:\repo\study - flask microblog\microblog\venv\lib\site-packages\jinja2\environment.py", line 471, in getattr
    return getattr(obj, attribute)
jinja2.exceptions.UndefinedError: 'app.forms.ResetPasswordRequestForm object' has no attribute 'password'
2020-11-03 23:01:41,925 ERROR: Exception on /reset_password_request [GET] [in d:\repo\study - flask microblog\microblog\venv\lib\site-packages\flask\app.py:1891]
Traceback (most recent call last):
  File "d:\repo\study - flask microblog\microblog\venv\lib\site-packages\flask\app.py", line 2447, in wsgi_app
    response = self.full_dispatch_request()
  File "d:\repo\study - flask microblog\microblog\venv\lib\site-packages\flask\app.py", line 1952, in full_dispatch_request
    rv = self.handle_user_exception(e)
  File "d:\repo\study - flask microblog\microblog\venv\lib\site-packages\flask\app.py", line 1821, in handle_user_exception
    reraise(exc_type, exc_value, tb)
  File "d:\repo\study - flask microblog\microblog\venv\lib\site-packages\flask\_compat.py", line 39, in reraise
    raise value
  File "d:\repo\study - flask microblog\microblog\venv\lib\site-packages\flask\app.py", line 1950, in full_dispatch_request
    rv = self.dispatch_request()
  File "d:\repo\study - flask microblog\microblog\venv\lib\site-packages\flask\app.py", line 1936, in dispatch_request
    return self.view_functions[rule.endpoint](**req.view_args)
  File "D:\Repo\Study - Flask Microblog\microblog\app\routes.py", line 106, in reset_password_request
    return render_template('reset_password_request.html',
  File "d:\repo\study - flask microblog\microblog\venv\lib\site-packages\flask\templating.py", line 137, in render_template
    return _render(
  File "d:\repo\study - flask microblog\microblog\venv\lib\site-packages\flask\templating.py", line 120, in _render
    rv = template.render(context)
  File "d:\repo\study - flask microblog\microblog\venv\lib\site-packages\jinja2\environment.py", line 1090, in render
    self.environment.handle_exception()
  File "d:\repo\study - flask microblog\microblog\venv\lib\site-packages\jinja2\environment.py", line 832, in handle_exception
    reraise(*rewrite_traceback_stack(source=source))
  File "d:\repo\study - flask microblog\microblog\venv\lib\site-packages\jinja2\_compat.py", line 28, in reraise
    raise value.with_traceback(tb)
  File "D:\Repo\Study - Flask Microblog\microblog\app\templates\reset_password_request.html", line 1, in top-level template code
    {% extends "base.html" %}
  File "D:\Repo\Study - Flask Microblog\microblog\app\templates\base.html", line 31, in top-level template code
    {% block content %}{% endblock %}
  File "D:\Repo\Study - Flask Microblog\microblog\app\templates\reset_password_request.html", line 8, in block "content"
    {{ form.password.label }}<br>
  File "d:\repo\study - flask microblog\microblog\venv\lib\site-packages\jinja2\environment.py", line 471, in getattr
    return getattr(obj, attribute)
jinja2.exceptions.UndefinedError: 'app.forms.ResetPasswordRequestForm object' has no attribute 'password'
2020-11-03 23:05:55,160 ERROR: Exception on /reset_password_request [GET] [in d:\repo\study - flask microblog\microblog\venv\lib\site-packages\flask\app.py:1891]
Traceback (most recent call last):
  File "d:\repo\study - flask microblog\microblog\venv\lib\site-packages\flask\app.py", line 2447, in wsgi_app
    response = self.full_dispatch_request()
  File "d:\repo\study - flask microblog\microblog\venv\lib\site-packages\flask\app.py", line 1952, in full_dispatch_request
    rv = self.handle_user_exception(e)
  File "d:\repo\study - flask microblog\microblog\venv\lib\site-packages\flask\app.py", line 1821, in handle_user_exception
    reraise(exc_type, exc_value, tb)
  File "d:\repo\study - flask microblog\microblog\venv\lib\site-packages\flask\_compat.py", line 39, in reraise
    raise value
  File "d:\repo\study - flask microblog\microblog\venv\lib\site-packages\flask\app.py", line 1950, in full_dispatch_request
    rv = self.dispatch_request()
  File "d:\repo\study - flask microblog\microblog\venv\lib\site-packages\flask\app.py", line 1936, in dispatch_request
    return self.view_functions[rule.endpoint](**req.view_args)
  File "D:\Repo\Study - Flask Microblog\microblog\app\routes.py", line 106, in reset_password_request
    return render_template('reset_password_request.html',
  File "d:\repo\study - flask microblog\microblog\venv\lib\site-packages\flask\templating.py", line 137, in render_template
    return _render(
  File "d:\repo\study - flask microblog\microblog\venv\lib\site-packages\flask\templating.py", line 120, in _render
    rv = template.render(context)
  File "d:\repo\study - flask microblog\microblog\venv\lib\site-packages\jinja2\environment.py", line 1090, in render
    self.environment.handle_exception()
  File "d:\repo\study - flask microblog\microblog\venv\lib\site-packages\jinja2\environment.py", line 832, in handle_exception
    reraise(*rewrite_traceback_stack(source=source))
  File "d:\repo\study - flask microblog\microblog\venv\lib\site-packages\jinja2\_compat.py", line 28, in reraise
    raise value.with_traceback(tb)
  File "D:\Repo\Study - Flask Microblog\microblog\app\templates\reset_password_request.html", line 1, in top-level template code
    {% extends "base.html" %}
  File "D:\Repo\Study - Flask Microblog\microblog\app\templates\base.html", line 31, in top-level template code
    {% block content %}{% endblock %}
  File "D:\Repo\Study - Flask Microblog\microblog\app\templates\reset_password_request.html", line 8, in block "content"
    {{ form.password.label }}<br>
  File "d:\repo\study - flask microblog\microblog\venv\lib\site-packages\jinja2\environment.py", line 471, in getattr
    return getattr(obj, attribute)
jinja2.exceptions.UndefinedError: 'app.forms.ResetPasswordRequestForm object' has no attribute 'password'
2020-11-05 11:31:36,890 INFO: Microblog startup [in D:\Repo\Study - Flask Microblog\microblog\app\__init__.py:47]
2020-11-05 11:35:50,634 INFO: Microblog startup [in D:\Repo\Study - Flask Microblog\microblog\app\__init__.py:47]
2020-11-05 11:38:06,132 INFO: Microblog startup [in D:\Repo\Study - Flask Microblog\microblog\app\__init__.py:47]
